-------------------------------------------------------------------------------
Test set: com.docencia.objetos.repo.RolJsonFileRepositoryTest
-------------------------------------------------------------------------------
Tests run: 7, Failures: 4, Errors: 3, Skipped: 0, Time elapsed: 0.252 s <<< FAILURE! -- in com.docencia.objetos.repo.RolJsonFileRepositoryTest
com.docencia.objetos.repo.RolJsonFileRepositoryTest.findByIdExistenteDevuelveRolTest -- Time elapsed: 0.167 s <<< ERROR!
java.lang.NullPointerException: Cannot invoke "com.docencia.objetos.domain.Rol.getId()" because "guardado" is null
	at com.docencia.objetos.repo.RolJsonFileRepositoryTest.findByIdExistenteDevuelveRolTest(RolJsonFileRepositoryTest.java:89)
	at java.base/java.lang.reflect.Method.invoke(Method.java:569)
	at java.base/java.util.ArrayList.forEach(ArrayList.java:1511)
	at java.base/java.util.ArrayList.forEach(ArrayList.java:1511)

com.docencia.objetos.repo.RolJsonFileRepositoryTest.findAllDevuelveRolesDesdeFicheroTest -- Time elapsed: 0.057 s <<< FAILURE!
java.lang.AssertionError: 

Expecting actual not to be null
	at com.docencia.objetos.repo.RolJsonFileRepositoryTest.findAllDevuelveRolesDesdeFicheroTest(RolJsonFileRepositoryTest.java:69)
	at java.base/java.lang.reflect.Method.invoke(Method.java:569)
	at java.base/java.util.ArrayList.forEach(ArrayList.java:1511)
	at java.base/java.util.ArrayList.forEach(ArrayList.java:1511)

com.docencia.objetos.repo.RolJsonFileRepositoryTest.deleteByIdEliminaRolDelFicheroTest -- Time elapsed: 0.002 s <<< ERROR!
java.lang.NullPointerException: Cannot invoke "com.docencia.objetos.domain.Rol.getId()" because "guardado" is null
	at com.docencia.objetos.repo.RolJsonFileRepositoryTest.deleteByIdEliminaRolDelFicheroTest(RolJsonFileRepositoryTest.java:112)
	at java.base/java.lang.reflect.Method.invoke(Method.java:569)
	at java.base/java.util.ArrayList.forEach(ArrayList.java:1511)
	at java.base/java.util.ArrayList.forEach(ArrayList.java:1511)

com.docencia.objetos.repo.RolJsonFileRepositoryTest.countDevuelveNumeroDeRolesTest -- Time elapsed: 0.008 s <<< FAILURE!
org.opentest4j.AssertionFailedError: 

expected: 3L
 but was: 0L
	at java.base/jdk.internal.reflect.NativeConstructorAccessorImpl.newInstance0(Native Method)
	at java.base/jdk.internal.reflect.NativeConstructorAccessorImpl.newInstance(NativeConstructorAccessorImpl.java:77)
	at java.base/jdk.internal.reflect.DelegatingConstructorAccessorImpl.newInstance(DelegatingConstructorAccessorImpl.java:45)
	at java.base/java.lang.reflect.Constructor.newInstanceWithCaller(Constructor.java:500)
	at com.docencia.objetos.repo.RolJsonFileRepositoryTest.countDevuelveNumeroDeRolesTest(RolJsonFileRepositoryTest.java:126)
	at java.base/java.lang.reflect.Method.invoke(Method.java:569)
	at java.base/java.util.ArrayList.forEach(ArrayList.java:1511)
	at java.base/java.util.ArrayList.forEach(ArrayList.java:1511)

com.docencia.objetos.repo.RolJsonFileRepositoryTest.saveNuevoGeneraIdYSeVuelcaEnFicheroTest -- Time elapsed: 0.002 s <<< ERROR!
java.lang.NullPointerException: Cannot invoke "com.docencia.objetos.domain.Rol.getId()" because "guardado" is null
	at com.docencia.objetos.repo.RolJsonFileRepositoryTest.saveNuevoGeneraIdYSeVuelcaEnFicheroTest(RolJsonFileRepositoryTest.java:55)
	at java.base/java.lang.reflect.Method.invoke(Method.java:569)
	at java.base/java.util.ArrayList.forEach(ArrayList.java:1511)
	at java.base/java.util.ArrayList.forEach(ArrayList.java:1511)

com.docencia.objetos.repo.RolJsonFileRepositoryTest.findByIdNoExistenteDevuelveEmptyTest -- Time elapsed: 0.003 s <<< FAILURE!
java.lang.AssertionError: 

Expecting actual not to be null
	at com.docencia.objetos.repo.RolJsonFileRepositoryTest.findByIdNoExistenteDevuelveEmptyTest(RolJsonFileRepositoryTest.java:81)
	at java.base/java.lang.reflect.Method.invoke(Method.java:569)
	at java.base/java.util.ArrayList.forEach(ArrayList.java:1511)
	at java.base/java.util.ArrayList.forEach(ArrayList.java:1511)

com.docencia.objetos.repo.RolJsonFileRepositoryTest.findByNombreExistenteDevuelveRolTest -- Time elapsed: 0.002 s <<< FAILURE!
java.lang.AssertionError: 

Expecting actual not to be null
	at com.docencia.objetos.repo.RolJsonFileRepositoryTest.findByNombreExistenteDevuelveRolTest(RolJsonFileRepositoryTest.java:103)
	at java.base/java.lang.reflect.Method.invoke(Method.java:569)
	at java.base/java.util.ArrayList.forEach(ArrayList.java:1511)
	at java.base/java.util.ArrayList.forEach(ArrayList.java:1511)

